Started on Apr 23, 2019 7:44:10 AM
Started by event from 140.82.115.15 ⇒ https://60ec6f44.ngrok.io:8080/github-webhook/ on Tue Apr 23 07:44:10 UTC 2019
Polling SCM changes on master
Using strategy: Inverse
[poll] Last Built Revision: Revision 8ec8bfe7f18bc1aaecfb5213f268addf0050b439 (origin/code-review)
using credential 478bfd59-4df6-4ba2-8907-8d4f0e929898
 > git rev-parse --is-inside-work-tree # timeout=10
Fetching changes from the remote Git repositories
 > git config remote.origin.url git@github.com:yogiyo/rms-api.git # timeout=10
Pruning obsolete local branches
Fetching upstream changes from git@github.com:yogiyo/rms-api.git
 > git --version # timeout=10
using GIT_SSH to set credentials 
 > git fetch --tags --progress git@github.com:yogiyo/rms-api.git +refs/heads/*:refs/remotes/origin/* --prune
Polling for changes in
Seen branch in repository origin/be-1
Seen branch in repository origin/bjs-test
Seen branch in repository origin/code-review
Seen branch in repository origin/master
Seen branch in repository origin/rms-2-basic-dev-env
Seen 5 remote branches
 > git show-ref --tags -d # timeout=10
 > git log --full-history --no-abbrev --format=raw -M -m 8ec8bfe7f18bc1aaecfb5213f268addf0050b439..3205cc17e473634549af479df2982f2d11717f0a # timeout=10
Done. Took 2.5 sec
Changes found
